Using pre-set license
Built from '2022.3/staging' branch; Version is '2022.3.16f1 (d2c21f0ef2f1) revision 13812255'; Using compiler version '192829333'; Build Type 'Release'
OS: 'Windows 11  (10.0.22621) 64bit CoreSingleLanguage' Language: 'en' Physical Memory: 16108 MB
BatchMode: 1, IsHumanControllingUs: 0, StartBugReporterOnCrash: 0, Is64bit: 1, IsPro: 1

COMMAND LINE ARGUMENTS:
D:\2022.3.16f1\Editor\Unity.exe
-adb2
-batchMode
-noUpm
-name
AssetImportWorker4
-projectPath
D:/Funkadelic-Hitmen/Funkadelic Hitmen
-logFile
Logs/AssetImportWorker4.log
-srvPort
58237
Successfully changed project path to: D:/Funkadelic-Hitmen/Funkadelic Hitmen
D:/Funkadelic-Hitmen/Funkadelic Hitmen
[UnityMemory] Configuration Parameters - Can be set up in boot.config
    "memorysetup-bucket-allocator-granularity=16"
    "memorysetup-bucket-allocator-bucket-count=8"
    "memorysetup-bucket-allocator-block-size=33554432"
    "memorysetup-bucket-allocator-block-count=8"
    "memorysetup-main-allocator-block-size=16777216"
    "memorysetup-thread-allocator-block-size=16777216"
    "memorysetup-gfx-main-allocator-block-size=16777216"
    "memorysetup-gfx-thread-allocator-block-size=16777216"
    "memorysetup-cache-allocator-block-size=4194304"
    "memorysetup-typetree-allocator-block-size=2097152"
    "memorysetup-profiler-bucket-allocator-granularity=16"
    "memorysetup-profiler-bucket-allocator-bucket-count=8"
    "memorysetup-profiler-bucket-allocator-block-size=33554432"
    "memorysetup-profiler-bucket-allocator-block-count=8"
    "memorysetup-profiler-allocator-block-size=16777216"
    "memorysetup-profiler-editor-allocator-block-size=1048576"
    "memorysetup-temp-allocator-size-main=16777216"
    "memorysetup-job-temp-allocator-block-size=2097152"
    "memorysetup-job-temp-allocator-block-size-background=1048576"
    "memorysetup-job-temp-allocator-reduction-small-platforms=262144"
    "memorysetup-allocator-temp-initial-block-size-main=262144"
    "memorysetup-allocator-temp-initial-block-size-worker=262144"
    "memorysetup-temp-allocator-size-background-worker=32768"
    "memorysetup-temp-allocator-size-job-worker=262144"
    "memorysetup-temp-allocator-size-preload-manager=33554432"
    "memorysetup-temp-allocator-size-nav-mesh-worker=65536"
    "memorysetup-temp-allocator-size-audio-worker=65536"
    "memorysetup-temp-allocator-size-cloud-worker=32768"
    "memorysetup-temp-allocator-size-gi-baking-worker=262144"
    "memorysetup-temp-allocator-size-gfx=262144"
Player connection [17368] Host "[IP] 192.168.56.1 [Port] 0 [Flags] 2 [Guid] 2363430161 [EditorId] 2363430161 [Version] 1048832 [Id] WindowsEditor(7,LAPTOP-OGMIMSUN) [Debug] 1 [PackageName] WindowsEditor [ProjectName] Editor" joined multi-casting on [225.0.0.222:54997]...

Player connection [17368] Host "[IP] 192.168.56.1 [Port] 0 [Flags] 2 [Guid] 2363430161 [EditorId] 2363430161 [Version] 1048832 [Id] WindowsEditor(7,LAPTOP-OGMIMSUN) [Debug] 1 [PackageName] WindowsEditor [ProjectName] Editor" joined alternative multi-casting on [225.0.0.222:34997]...

[Physics::Module] Initialized MultithreadedJobDispatcher with 19 workers.
Refreshing native plugins compatible for Editor in 4.06 ms, found 3 plugins.
Preloading 0 native plugins for Editor in 0.00 ms.
Initialize engine version: 2022.3.16f1 (d2c21f0ef2f1)
[Subsystems] Discovering subsystems at path D:/2022.3.16f1/Editor/Data/Resources/UnitySubsystems
[Subsystems] Discovering subsystems at path D:/Funkadelic-Hitmen/Funkadelic Hitmen/Assets
GfxDevice: creating device client; threaded=0; jobified=0
Direct3D:
    Version:  Direct3D 11.0 [level 11.1]
    Renderer: NVIDIA GeForce RTX 3060 Laptop GPU (ID=0x2560)
    Vendor:   NVIDIA
    VRAM:     6010 MB
    Driver:   31.0.15.4617
Initialize mono
Mono path[0] = 'D:/2022.3.16f1/Editor/Data/Managed'
Mono path[1] = 'D:/2022.3.16f1/Editor/Data/MonoBleedingEdge/lib/mono/unityjit-win32'
Mono config path = 'D:/2022.3.16f1/Editor/Data/MonoBleedingEdge/etc'
Using monoOptions --debugger-agent=transport=dt_socket,embedding=1,server=y,suspend=n,address=127.0.0.1:56968
Begin MonoManager ReloadAssembly
Registering precompiled unity dll's ...
Register platform support module: D:/2022.3.16f1/Editor/Data/PlaybackEngines/WebGLSupport/UnityEditor.WebGL.Extensions.dll
Register platform support module: D:/2022.3.16f1/Editor/Data/PlaybackEngines/WindowsStandaloneSupport/UnityEditor.WindowsStandalone.Extensions.dll
Registered in 0.002229 seconds.
- Loaded All Assemblies, in  0.252 seconds
Native extension for WindowsStandalone target not found
Native extension for WebGL target not found
Mono: successfully reloaded assembly
- Finished resetting the current domain, in  0.199 seconds
Domain Reload Profiling: 451ms
	BeginReloadAssembly (78ms)
		ExecutionOrderSort (0ms)
		DisableScriptedObjects (0ms)
		BackupInstance (0ms)
		ReleaseScriptingObjects (0ms)
		CreateAndSetChildDomain (1ms)
	RebuildCommonClasses (26ms)
	RebuildNativeTypeToScriptingClass (7ms)
	initialDomainReloadingComplete (36ms)
	LoadAllAssembliesAndSetupDomain (105ms)
		LoadAssemblies (77ms)
		RebuildTransferFunctionScriptingTraits (0ms)
		AnalyzeDomain (103ms)
			TypeCache.Refresh (102ms)
				TypeCache.ScanAssembly (92ms)
			ScanForSourceGeneratedMonoScriptInfo (0ms)
			ResolveRequiredComponents (0ms)
	FinalizeReload (199ms)
		ReleaseScriptCaches (0ms)
		RebuildScriptCaches (0ms)
		SetupLoadedEditorAssemblies (155ms)
			LogAssemblyErrors (0ms)
			InitializePlatformSupportModulesInManaged (6ms)
			SetLoadedEditorAssemblies (4ms)
			RefreshPlugins (0ms)
			BeforeProcessingInitializeOnLoad (2ms)
			ProcessInitializeOnLoadAttributes (109ms)
			ProcessInitializeOnLoadMethodAttributes (35ms)
			AfterProcessingInitializeOnLoad (0ms)
			EditorAssembliesLoaded (0ms)
		ExecutionOrderSort2 (0ms)
		AwakeInstancesAfterBackupRestoration (0ms)
========================================================================
Worker process is ready to serve import requests
Begin MonoManager ReloadAssembly
- Loaded All Assemblies, in  0.457 seconds
Refreshing native plugins compatible for Editor in 1.67 ms, found 3 plugins.
Native extension for WindowsStandalone target not found
Native extension for WebGL target not found
Package Manager log level set to [2]
[Package Manager] Server::EnsureServerProcessIsRunning -- launch failed, reason: Unity was launched with the -noUpm command-line argument
[Package Manager] UpmClient::Send -- Unable to send message (not connected to UPM process).
[Package Manager] Cannot connect to Unity Package Manager local server
Mono: successfully reloaded assembly
- Finished resetting the current domain, in  0.597 seconds
Domain Reload Profiling: 1054ms
	BeginReloadAssembly (111ms)
		ExecutionOrderSort (0ms)
		DisableScriptedObjects (4ms)
		BackupInstance (0ms)
		ReleaseScriptingObjects (0ms)
		CreateAndSetChildDomain (17ms)
	RebuildCommonClasses (22ms)
	RebuildNativeTypeToScriptingClass (7ms)
	initialDomainReloadingComplete (29ms)
	LoadAllAssembliesAndSetupDomain (287ms)
		LoadAssemblies (208ms)
		RebuildTransferFunctionScriptingTraits (0ms)
		AnalyzeDomain (143ms)
			TypeCache.Refresh (125ms)
				TypeCache.ScanAssembly (113ms)
			ScanForSourceGeneratedMonoScriptInfo (13ms)
			ResolveRequiredComponents (3ms)
	FinalizeReload (597ms)
		ReleaseScriptCaches (0ms)
		RebuildScriptCaches (0ms)
		SetupLoadedEditorAssemblies (479ms)
			LogAssemblyErrors (0ms)
			InitializePlatformSupportModulesInManaged (4ms)
			SetLoadedEditorAssemblies (4ms)
			RefreshPlugins (0ms)
			BeforeProcessingInitializeOnLoad (41ms)
			ProcessInitializeOnLoadAttributes (414ms)
			ProcessInitializeOnLoadMethodAttributes (15ms)
			AfterProcessingInitializeOnLoad (1ms)
			EditorAssembliesLoaded (0ms)
		ExecutionOrderSort2 (0ms)
		AwakeInstancesAfterBackupRestoration (6ms)
Launched and connected shader compiler UnityShaderCompiler.exe after 0.06 seconds
Refreshing native plugins compatible for Editor in 1.44 ms, found 3 plugins.
Preloading 0 native plugins for Editor in 0.00 ms.
Unloading 3628 Unused Serialized files (Serialized files now loaded: 0)
Unloading 52 unused Assets / (130.8 KB). Loaded Objects now: 4089.
Memory consumption went from 134.7 MB to 134.6 MB.
Total: 3.086300 ms (FindLiveObjects: 0.190100 ms CreateObjectMapping: 0.092300 ms MarkObjects: 2.653100 ms  DeleteObjects: 0.150000 ms)

AssetImportParameters requested are different than current active one (requested -> active):
  custom:container-demuxer-ogg: 62fdf1f143b41e24485cea50d1cbac27 -> 
  custom:video-codec-MediaFoundation-h265: 746d11721c4dcdbdad8f713fa42b33f4 -> 
  custom:video-decoder-ogg-theora: a1e56fd34408186e4bbccfd4996cb3dc -> 
  custom:framework-win-MediaFoundation: 216162199b28c13a410421893ffa2e32 -> 
  custom:CustomObjectIndexerAttribute: 43b350a4d6e6d1791af0b5038c4bea17 -> 
  custom:container-demuxer-webm: 4f35f7cbe854078d1ac9338744f61a02 -> 
  custom:container-muxer-webm: aa71ff27fc2769a1b78a27578f13a17b -> 
  custom:video-decoder-webm-vp8: 9c59270c3fd7afecdb556c50c9e8de78 -> 
  custom:SearchIndexIgnoredProperties: e643bd26f0fe6173181afceb89e7c659 -> 
  custom:AudioImporter_EditorPlatform: d09bf68614088b80899f8185d706f6e7 -> 
  custom:video-encoder-webm-vp8: eb34c28f22e8b96e1ab97ce403110664 -> 
  custom:audio-decoder-ogg-vorbis: bf7c407c2cedff20999df2af8eb42d56 -> 
  custom:audio-encoder-webm-vorbis: bf7c407c2cedff20999df2af8eb42d56 -> 
========================================================================
Received Import Request.
  Time since last request: 644579.205718 seconds.
  path: Assets/Blink/Art/Characters/LowPoly/Editor
  artifactKey: Guid(6f6e539677877aa4686b907733852bed) Importer(815301076,1909f56bfc062723c751e8b465ee728b)
Start importing Assets/Blink/Art/Characters/LowPoly/Editor using Guid(6f6e539677877aa4686b907733852bed) Importer(815301076,1909f56bfc062723c751e8b465ee728b)  -> (artifact id: '8cf268e4f48d76e757882b56eb6c6a46') in 0.002728 seconds
Number of updated asset objects reloaded before import = 0
Number of asset objects unloaded after import = 0
========================================================================
Received Import Request.
  Time since last request: 1.088210 seconds.
  path: Assets/Blink/Art/Characters/LowPoly/Editor/MaterialTilingOffset.cs
  artifactKey: Guid(01004a4afbd91a24794adfea429426fb) Importer(815301076,1909f56bfc062723c751e8b465ee728b)
Start importing Assets/Blink/Art/Characters/LowPoly/Editor/MaterialTilingOffset.cs using Guid(01004a4afbd91a24794adfea429426fb) Importer(815301076,1909f56bfc062723c751e8b465ee728b)  -> (artifact id: '6ad736fc50262f1d428f336aabc6574e') in 0.000381 seconds
Number of updated asset objects reloaded before import = 0
Number of asset objects unloaded after import = 0
========================================================================
Received Import Request.
  Time since last request: 7.365818 seconds.
  path: Assets/Blink/Art/Characters/LowPoly/FREE_HumanLowPoly/Materials_Humans
  artifactKey: Guid(a5eae17d18a130043834885e4136bd5c) Importer(815301076,1909f56bfc062723c751e8b465ee728b)
Start importing Assets/Blink/Art/Characters/LowPoly/FREE_HumanLowPoly/Materials_Humans using Guid(a5eae17d18a130043834885e4136bd5c) Importer(815301076,1909f56bfc062723c751e8b465ee728b)  -> (artifact id: '97bee9d2f2e9d08749aa9a20ab6d266e') in 0.000399 seconds
Number of updated asset objects reloaded before import = 0
Number of asset objects unloaded after import = 0
========================================================================
Received Import Request.
  Time since last request: 0.061352 seconds.
  path: Assets/Blink/Art/Characters/LowPoly/FREE_HumanLowPoly/Materials_Humans/Armor.mat
  artifactKey: Guid(22e7fb49e2b49e0418ef97b61b1c8db5) Importer(815301076,1909f56bfc062723c751e8b465ee728b)
Start importing Assets/Blink/Art/Characters/LowPoly/FREE_HumanLowPoly/Materials_Humans/Armor.mat using Guid(22e7fb49e2b49e0418ef97b61b1c8db5) Importer(815301076,1909f56bfc062723c751e8b465ee728b)  -> (artifact id: 'b5bcafa1f2fce78d4c1f6c3013a03bb1') in 0.337171 seconds
Number of updated asset objects reloaded before import = 0
Number of asset objects unloaded after import = 2
========================================================================
Received Import Request.
  Time since last request: 1.935742 seconds.
  path: Assets/Blink/Art/Characters/LowPoly/FREE_HumanLowPoly/Meshes_Humans
  artifactKey: Guid(64ba05b5c36b8a346b915c1d858eb280) Importer(815301076,1909f56bfc062723c751e8b465ee728b)
Start importing Assets/Blink/Art/Characters/LowPoly/FREE_HumanLowPoly/Meshes_Humans using Guid(64ba05b5c36b8a346b915c1d858eb280) Importer(815301076,1909f56bfc062723c751e8b465ee728b)  -> (artifact id: '07974264d2e8100d5cfe972126036211') in 0.000833 seconds
Number of updated asset objects reloaded before import = 0
Number of asset objects unloaded after import = 0
========================================================================
Received Import Request.
  Time since last request: 0.083350 seconds.
  path: Assets/Blink/Art/Characters/LowPoly/FREE_HumanLowPoly/Meshes_Humans/HumanMale_Character.fbx
  artifactKey: Guid(de13a7420582ded45a8d7d3f96889aca) Importer(815301076,1909f56bfc062723c751e8b465ee728b)
Start importing Assets/Blink/Art/Characters/LowPoly/FREE_HumanLowPoly/Meshes_Humans/HumanMale_Character.fbx using Guid(de13a7420582ded45a8d7d3f96889aca) Importer(815301076,1909f56bfc062723c751e8b465ee728b)  -> (artifact id: 'e60b86c6b87f27c02a82d8bc8a2a20dd') in 0.142935 seconds
Number of updated asset objects reloaded before import = 0
Number of asset objects unloaded after import = 249
========================================================================
Received Import Request.
  Time since last request: 1.118608 seconds.
  path: Assets/Blink/Art/Characters/LowPoly/FREE_HumanLowPoly/Meshes_Humans/ArmorMeshes_Humans
  artifactKey: Guid(d22ccacaade85464da3eb13817450aaf) Importer(815301076,1909f56bfc062723c751e8b465ee728b)
Start importing Assets/Blink/Art/Characters/LowPoly/FREE_HumanLowPoly/Meshes_Humans/ArmorMeshes_Humans using Guid(d22ccacaade85464da3eb13817450aaf) Importer(815301076,1909f56bfc062723c751e8b465ee728b)  -> (artifact id: 'd0900534d156d355b416bca1ad171df3') in 0.000574 seconds
Number of updated asset objects reloaded before import = 0
Number of asset objects unloaded after import = 0
========================================================================
Received Import Request.
  Time since last request: 0.092072 seconds.
  path: Assets/Blink/Art/Characters/LowPoly/FREE_HumanLowPoly/Meshes_Humans/ArmorMeshes_Humans/PlateSet1_HumanMale.fbx
  artifactKey: Guid(10399581d9d41a44bb8984ec628263dd) Importer(815301076,1909f56bfc062723c751e8b465ee728b)
Start importing Assets/Blink/Art/Characters/LowPoly/FREE_HumanLowPoly/Meshes_Humans/ArmorMeshes_Humans/PlateSet1_HumanMale.fbx using Guid(10399581d9d41a44bb8984ec628263dd) Importer(815301076,1909f56bfc062723c751e8b465ee728b)  -> (artifact id: '36bd8b06c517bb97ef0689dbfe711e50') in 0.057631 seconds
Number of updated asset objects reloaded before import = 0
Number of asset objects unloaded after import = 197
========================================================================
Received Prepare
Begin MonoManager ReloadAssembly
- Loaded All Assemblies, in  3.433 seconds
Refreshing native plugins compatible for Editor in 1.75 ms, found 3 plugins.
Native extension for WindowsStandalone target not found
Native extension for WebGL target not found
[Package Manager] Server::EnsureServerProcessIsRunning -- launch failed, reason: Unity was launched with the -noUpm command-line argument
[Package Manager] UpmClient::Send -- Unable to send message (not connected to UPM process).
[Package Manager] Cannot connect to Unity Package Manager local server
Mono: successfully reloaded assembly
- Finished resetting the current domain, in 13.300 seconds
Domain Reload Profiling: 16733ms
	BeginReloadAssembly (147ms)
		ExecutionOrderSort (0ms)
		DisableScriptedObjects (3ms)
		BackupInstance (0ms)
		ReleaseScriptingObjects (0ms)
		CreateAndSetChildDomain (35ms)
	RebuildCommonClasses (32ms)
	RebuildNativeTypeToScriptingClass (10ms)
	initialDomainReloadingComplete (25ms)
	LoadAllAssembliesAndSetupDomain (3218ms)
		LoadAssemblies (3283ms)
		RebuildTransferFunctionScriptingTraits (0ms)
		AnalyzeDomain (18ms)
			TypeCache.Refresh (9ms)
				TypeCache.ScanAssembly (0ms)
			ScanForSourceGeneratedMonoScriptInfo (0ms)
			ResolveRequiredComponents (6ms)
	FinalizeReload (13301ms)
		ReleaseScriptCaches (0ms)
		RebuildScriptCaches (0ms)
		SetupLoadedEditorAssemblies (438ms)
			LogAssemblyErrors (0ms)
			InitializePlatformSupportModulesInManaged (6ms)
			SetLoadedEditorAssemblies (2ms)
			RefreshPlugins (0ms)
			BeforeProcessingInitializeOnLoad (41ms)
			ProcessInitializeOnLoadAttributes (371ms)
			ProcessInitializeOnLoadMethodAttributes (16ms)
			AfterProcessingInitializeOnLoad (2ms)
			EditorAssembliesLoaded (0ms)
		ExecutionOrderSort2 (0ms)
		AwakeInstancesAfterBackupRestoration (6ms)
Refreshing native plugins compatible for Editor in 3.13 ms, found 3 plugins.
Preloading 0 native plugins for Editor in 0.00 ms.
Unloading 3619 Unused Serialized files (Serialized files now loaded: 0)
Unloading 25 unused Assets / (102.8 KB). Loaded Objects now: 4149.
Memory consumption went from 141.5 MB to 141.4 MB.
Total: 2.987200 ms (FindLiveObjects: 0.196300 ms CreateObjectMapping: 0.093500 ms MarkObjects: 2.628400 ms  DeleteObjects: 0.067700 ms)

Prepare: number of updated asset objects reloaded= 0
AssetImportParameters requested are different than current active one (requested -> active):
  custom:container-demuxer-ogg: 62fdf1f143b41e24485cea50d1cbac27 -> 
  custom:video-codec-MediaFoundation-h265: 746d11721c4dcdbdad8f713fa42b33f4 -> 
  custom:video-decoder-ogg-theora: a1e56fd34408186e4bbccfd4996cb3dc -> 
  custom:framework-win-MediaFoundation: 216162199b28c13a410421893ffa2e32 -> 
  custom:CustomObjectIndexerAttribute: 43b350a4d6e6d1791af0b5038c4bea17 -> 
  custom:container-demuxer-webm: 4f35f7cbe854078d1ac9338744f61a02 -> 
  custom:container-muxer-webm: aa71ff27fc2769a1b78a27578f13a17b -> 
  custom:video-decoder-webm-vp8: 9c59270c3fd7afecdb556c50c9e8de78 -> 
  custom:SearchIndexIgnoredProperties: e643bd26f0fe6173181afceb89e7c659 -> 
  custom:AudioImporter_EditorPlatform: d09bf68614088b80899f8185d706f6e7 -> 
  custom:video-encoder-webm-vp8: eb34c28f22e8b96e1ab97ce403110664 -> 
  custom:audio-decoder-ogg-vorbis: bf7c407c2cedff20999df2af8eb42d56 -> 
  custom:audio-encoder-webm-vorbis: bf7c407c2cedff20999df2af8eb42d56 -> 
========================================================================
Received Import Request.
  Time since last request: 189.581112 seconds.
  path: Assets/Blink/Art/Characters/LowPoly/FREE_HumanLowPoly/Prefabs_Humans/New Animator Controller.controller
  artifactKey: Guid(2d1d05d6b5f212a4190a8e26941a5509) Importer(815301076,1909f56bfc062723c751e8b465ee728b)
Start importing Assets/Blink/Art/Characters/LowPoly/FREE_HumanLowPoly/Prefabs_Humans/New Animator Controller.controller using Guid(2d1d05d6b5f212a4190a8e26941a5509) Importer(815301076,1909f56bfc062723c751e8b465ee728b)  -> (artifact id: 'e99764c88911165ddc47e8d84f68d277') in 0.014522 seconds
Number of updated asset objects reloaded before import = 0
Number of asset objects unloaded after import = 1
========================================================================
Received Import Request.
  Time since last request: 2.242977 seconds.
  path: Assets/Blink/Art/Characters/LowPoly/FREE_HumanLowPoly/Prefabs_Humans/HumanMale_Character_FREE.prefab
  artifactKey: Guid(60770bdb4dc667c45bea53db0339dc05) Importer(815301076,1909f56bfc062723c751e8b465ee728b)
Start importing Assets/Blink/Art/Characters/LowPoly/FREE_HumanLowPoly/Prefabs_Humans/HumanMale_Character_FREE.prefab using Guid(60770bdb4dc667c45bea53db0339dc05) Importer(815301076,1909f56bfc062723c751e8b465ee728b) The Animator Controller (New Animator Controller) you have used is not valid. Animations will not play
UnityEngine.StackTraceUtility:ExtractStackTrace ()
UnityEditor.EditorUtility:Internal_InstantiateRemoveAllNonAnimationComponentsSingle (UnityEngine.Object,UnityEngine.Vector3,UnityEngine.Quaternion)
UnityEditor.EditorUtility:InstantiateRemoveAllNonAnimationComponents (UnityEngine.Object,UnityEngine.Vector3,UnityEngine.Quaternion)
UnityEditor.EditorUtility:InstantiateForAnimatorPreview (UnityEngine.Object)
UnityEditor.GameObjectInspector/PreviewData:UpdateGameObject (UnityEngine.Object)
UnityEditor.GameObjectInspector/PreviewData:.ctor (UnityEngine.Object,bool)
UnityEditor.GameObjectInspector:GetPreviewData (bool)
UnityEditor.GameObjectInspector:RenderStaticPreview (string,UnityEngine.Object[],int,int)
UnityEditor.AssetPreviewUpdater:CreatePreview (UnityEngine.Object,UnityEngine.Object[],string,int,int)
UnityEditor.AssetPreviewUpdater:CreatePreviewForAsset (UnityEngine.Object,UnityEngine.Object[],string)

[C:\build\output\unity\unity\Modules\Animation\Director\AnimatorControllerPlayable.cpp line 333]

 -> (artifact id: 'b05211729055ff093f9ffe3d791f1ebb') in 0.067227 seconds
Number of updated asset objects reloaded before import = 0
Number of asset objects unloaded after import = 291
========================================================================
Received Import Request.
  Time since last request: 155.740459 seconds.
  path: Assets/Scenes
  artifactKey: Guid(dee80116171cf34459e517577b39bec8) Importer(815301076,1909f56bfc062723c751e8b465ee728b)
Start importing Assets/Scenes using Guid(dee80116171cf34459e517577b39bec8) Importer(815301076,1909f56bfc062723c751e8b465ee728b)  -> (artifact id: '8c4cce21c9c451c5986a14811f5deea7') in 0.000985 seconds
Number of updated asset objects reloaded before import = 0
Number of asset objects unloaded after import = 0
========================================================================
Received Import Request.
  Time since last request: 8.034735 seconds.
  path: Assets/Material/Floor.mat
  artifactKey: Guid(a4881f3aa769841469ead7fcae084117) Importer(815301076,1909f56bfc062723c751e8b465ee728b)
Start importing Assets/Material/Floor.mat using Guid(a4881f3aa769841469ead7fcae084117) Importer(815301076,1909f56bfc062723c751e8b465ee728b)  -> (artifact id: '88432c5dd6f3024468fe88d48e5d771d') in 0.037777 seconds
Number of updated asset objects reloaded before import = 0
Number of asset objects unloaded after import = 1
========================================================================
Received Import Request.
  Time since last request: 121.357354 seconds.
  path: Assets/Blink/Art/Animations/Animations_Starter_Pack/Combat
  artifactKey: Guid(35b149b905f5c4645896e69ce79c884a) Importer(815301076,1909f56bfc062723c751e8b465ee728b)
Start importing Assets/Blink/Art/Animations/Animations_Starter_Pack/Combat using Guid(35b149b905f5c4645896e69ce79c884a) Importer(815301076,1909f56bfc062723c751e8b465ee728b)  -> (artifact id: '1448b68e6d29819fc78b04c424e14b07') in 0.000704 seconds
Number of updated asset objects reloaded before import = 0
Number of asset objects unloaded after import = 0
========================================================================
Received Import Request.
  Time since last request: 0.103035 seconds.
  path: Assets/Blink/Art/Animations/Animations_Starter_Pack/Combat/BlockingLoop.fbx
  artifactKey: Guid(a8bd4d740daa72c46bbff25e229c4ad2) Importer(815301076,1909f56bfc062723c751e8b465ee728b)
Start importing Assets/Blink/Art/Animations/Animations_Starter_Pack/Combat/BlockingLoop.fbx using Guid(a8bd4d740daa72c46bbff25e229c4ad2) Importer(815301076,1909f56bfc062723c751e8b465ee728b)  -> (artifact id: 'd6150742c33ce6a5705063ffe6c346a0') in 0.005716 seconds
Number of updated asset objects reloaded before import = 0
Number of asset objects unloaded after import = 180
========================================================================
Received Import Request.
  Time since last request: 0.000399 seconds.
  path: Assets/Blink/Art/Animations/Animations_Starter_Pack/Combat/Buff.fbx
  artifactKey: Guid(20349140a3cb83e4d883e1456c7783d5) Importer(815301076,1909f56bfc062723c751e8b465ee728b)
Start importing Assets/Blink/Art/Animations/Animations_Starter_Pack/Combat/Buff.fbx using Guid(20349140a3cb83e4d883e1456c7783d5) Importer(815301076,1909f56bfc062723c751e8b465ee728b)  -> (artifact id: 'efd3cafd6db0ceb9024d688c0253afd7') in 0.003867 seconds
Number of updated asset objects reloaded before import = 0
Number of asset objects unloaded after import = 180
========================================================================
Received Import Request.
  Time since last request: 0.000013 seconds.
  path: Assets/Blink/Art/Animations/Animations_Starter_Pack/Combat/CastingLoop.fbx
  artifactKey: Guid(d6557ad5f7261ce4c8fe9f8f67c9d4cd) Importer(815301076,1909f56bfc062723c751e8b465ee728b)
Start importing Assets/Blink/Art/Animations/Animations_Starter_Pack/Combat/CastingLoop.fbx using Guid(d6557ad5f7261ce4c8fe9f8f67c9d4cd) Importer(815301076,1909f56bfc062723c751e8b465ee728b)  -> (artifact id: 'd7fdcf12f198c04257ce3b52253965bf') in 0.003507 seconds
Number of updated asset objects reloaded before import = 0
Number of asset objects unloaded after import = 180
========================================================================
Received Import Request.
  Time since last request: 0.000010 seconds.
  path: Assets/Blink/Art/Animations/Animations_Starter_Pack/Combat/Death.fbx
  artifactKey: Guid(6d63f48bf2bc2e64a9295d5b1a4b44bf) Importer(815301076,1909f56bfc062723c751e8b465ee728b)
Start importing Assets/Blink/Art/Animations/Animations_Starter_Pack/Combat/Death.fbx using Guid(6d63f48bf2bc2e64a9295d5b1a4b44bf) Importer(815301076,1909f56bfc062723c751e8b465ee728b)  -> (artifact id: '331b454103fa0f5e23fc500c9dc09824') in 0.003643 seconds
Number of updated asset objects reloaded before import = 0
Number of asset objects unloaded after import = 180
========================================================================
Received Import Request.
  Time since last request: 0.000010 seconds.
  path: Assets/Blink/Art/Animations/Animations_Starter_Pack/Combat/GetHit.fbx
  artifactKey: Guid(83e28e7ec15604e4e936c71d31a7ebad) Importer(815301076,1909f56bfc062723c751e8b465ee728b)
Start importing Assets/Blink/Art/Animations/Animations_Starter_Pack/Combat/GetHit.fbx using Guid(83e28e7ec15604e4e936c71d31a7ebad) Importer(815301076,1909f56bfc062723c751e8b465ee728b)  -> (artifact id: '6321457e2fbd1ab6994b8ab02e30a8af') in 0.003197 seconds
Number of updated asset objects reloaded before import = 0
Number of asset objects unloaded after import = 180
========================================================================
Received Import Request.
  Time since last request: 0.000010 seconds.
  path: Assets/Blink/Art/Animations/Animations_Starter_Pack/Combat/IdleCombat.fbx
  artifactKey: Guid(248146b68218df34c9ed1a14ba7a443b) Importer(815301076,1909f56bfc062723c751e8b465ee728b)
Start importing Assets/Blink/Art/Animations/Animations_Starter_Pack/Combat/IdleCombat.fbx using Guid(248146b68218df34c9ed1a14ba7a443b) Importer(815301076,1909f56bfc062723c751e8b465ee728b)  -> (artifact id: 'ffea8d8327f6b0fe9e6baf090f8780a1') in 0.003189 seconds
Number of updated asset objects reloaded before import = 0
Number of asset objects unloaded after import = 180
========================================================================
Received Import Request.
  Time since last request: 0.000011 seconds.
  path: Assets/Blink/Art/Animations/Animations_Starter_Pack/Combat/MeleeAttack_OneHanded.fbx
  artifactKey: Guid(3d7c10dfb76b352458c6ee3cf1acd54f) Importer(815301076,1909f56bfc062723c751e8b465ee728b)
Start importing Assets/Blink/Art/Animations/Animations_Starter_Pack/Combat/MeleeAttack_OneHanded.fbx using Guid(3d7c10dfb76b352458c6ee3cf1acd54f) Importer(815301076,1909f56bfc062723c751e8b465ee728b)  -> (artifact id: '60208db82baca500f2b1ba1120a76822') in 0.003161 seconds
Number of updated asset objects reloaded before import = 0
Number of asset objects unloaded after import = 180
========================================================================
Received Import Request.
  Time since last request: 0.000010 seconds.
  path: Assets/Blink/Art/Animations/Animations_Starter_Pack/Combat/MeleeAttack_TwoHanded.fbx
  artifactKey: Guid(337a802e1a50ad746827a890f372c41e) Importer(815301076,1909f56bfc062723c751e8b465ee728b)
Start importing Assets/Blink/Art/Animations/Animations_Starter_Pack/Combat/MeleeAttack_TwoHanded.fbx using Guid(337a802e1a50ad746827a890f372c41e) Importer(815301076,1909f56bfc062723c751e8b465ee728b)  -> (artifact id: '78f25152835525e8e7a2ac5146468dff') in 0.003828 seconds
Number of updated asset objects reloaded before import = 0
Number of asset objects unloaded after import = 180
========================================================================
Received Import Request.
  Time since last request: 0.000013 seconds.
  path: Assets/Blink/Art/Animations/Animations_Starter_Pack/Combat/PunchRight.fbx
  artifactKey: Guid(b4ed12fcea5716a4b88a664cf716cfc6) Importer(815301076,1909f56bfc062723c751e8b465ee728b)
Start importing Assets/Blink/Art/Animations/Animations_Starter_Pack/Combat/PunchRight.fbx using Guid(b4ed12fcea5716a4b88a664cf716cfc6) Importer(815301076,1909f56bfc062723c751e8b465ee728b)  -> (artifact id: '809d7f865dc7c7e43e4c96a9a969ac2c') in 0.003648 seconds
Number of updated asset objects reloaded before import = 0
Number of asset objects unloaded after import = 180
========================================================================
Received Import Request.
  Time since last request: 0.002101 seconds.
  path: Assets/Blink/Art/Animations/Animations_Starter_Pack/Combat/StunnedLoop.fbx
  artifactKey: Guid(8f760fa0100eb634b937fa931744496e) Importer(815301076,1909f56bfc062723c751e8b465ee728b)
Start importing Assets/Blink/Art/Animations/Animations_Starter_Pack/Combat/StunnedLoop.fbx using Guid(8f760fa0100eb634b937fa931744496e) Importer(815301076,1909f56bfc062723c751e8b465ee728b)  -> (artifact id: '408467c21b418c1ddb38e17aeddb74cf') in 0.004273 seconds
Number of updated asset objects reloaded before import = 0
Number of asset objects unloaded after import = 180
========================================================================
Received Import Request.
  Time since last request: 1012.365148 seconds.
  path: Assets/Blink/Art/Characters/LowPoly/FREE_HumanLowPoly/Prefabs_Humans/HumanMale_Character_FREE.prefab
  artifactKey: Guid(60770bdb4dc667c45bea53db0339dc05) Importer(815301076,1909f56bfc062723c751e8b465ee728b)
Start importing Assets/Blink/Art/Characters/LowPoly/FREE_HumanLowPoly/Prefabs_Humans/HumanMale_Character_FREE.prefab using Guid(60770bdb4dc667c45bea53db0339dc05) Importer(815301076,1909f56bfc062723c751e8b465ee728b)  -> (artifact id: 'a265afcfcfcf28ae762fc199be959614') in 0.017556 seconds
Number of updated asset objects reloaded before import = 0
Number of asset objects unloaded after import = 294
========================================================================
Received Import Request.
  Time since last request: 12.045405 seconds.
  path: Assets/LowPolyFPSLite
  artifactKey: Guid(3a9d687fddc22dc468249a2c435923f1) Importer(815301076,1909f56bfc062723c751e8b465ee728b)
Start importing Assets/LowPolyFPSLite using Guid(3a9d687fddc22dc468249a2c435923f1) Importer(815301076,1909f56bfc062723c751e8b465ee728b)  -> (artifact id: 'a44f4ee5b767eea7e23bfc26e1f1e09b') in 0.001356 seconds
Number of updated asset objects reloaded before import = 0
Number of asset objects unloaded after import = 0
========================================================================
Received Import Request.
  Time since last request: 2.638860 seconds.
  path: Assets/LowPolyFPSLite/Scenes
  artifactKey: Guid(6820b6361cdcb5140b106422cfefda03) Importer(815301076,1909f56bfc062723c751e8b465ee728b)
Start importing Assets/LowPolyFPSLite/Scenes using Guid(6820b6361cdcb5140b106422cfefda03) Importer(815301076,1909f56bfc062723c751e8b465ee728b)  -> (artifact id: '5e1b6dd63c237a007991b3b9fb9b03c0') in 0.000420 seconds
Number of updated asset objects reloaded before import = 0
Number of asset objects unloaded after import = 0
========================================================================
Received Import Request.
  Time since last request: 5.429288 seconds.
  path: Assets/LowPolyFPSLite/Scenes/LowPolyFPS_Lite_Demo.unity
  artifactKey: Guid(130de191e9bf7de41a659f68e5741ed0) Importer(815301076,1909f56bfc062723c751e8b465ee728b)
Start importing Assets/LowPolyFPSLite/Scenes/LowPolyFPS_Lite_Demo.unity using Guid(130de191e9bf7de41a659f68e5741ed0) Importer(815301076,1909f56bfc062723c751e8b465ee728b)  -> (artifact id: 'eaea28632fe3621561a3aafc5bcbdb23') in 0.000465 seconds
Number of updated asset objects reloaded before import = 0
Number of asset objects unloaded after import = 0
========================================================================
Received Import Request.
  Time since last request: 26.224336 seconds.
  path: Assets/Scenes/SampleScene.unity
  artifactKey: Guid(9fc0d4010bbf28b4594072e72b8655ab) Importer(815301076,1909f56bfc062723c751e8b465ee728b)
Start importing Assets/Scenes/SampleScene.unity using Guid(9fc0d4010bbf28b4594072e72b8655ab) Importer(815301076,1909f56bfc062723c751e8b465ee728b)  -> (artifact id: '13a5896fa893ef9ddae016619fd453dc') in 0.000396 seconds
Number of updated asset objects reloaded before import = 0
Number of asset objects unloaded after import = 0
========================================================================
Received Import Request.
  Time since last request: 59.949544 seconds.
  path: Assets/Prefabs/Player Body.prefab
  artifactKey: Guid(0b412310988a5054280cbe33a9eec3b9) Importer(815301076,1909f56bfc062723c751e8b465ee728b)
Start importing Assets/Prefabs/Player Body.prefab using Guid(0b412310988a5054280cbe33a9eec3b9) Importer(815301076,1909f56bfc062723c751e8b465ee728b)  -> (artifact id: '941879c4a76c95b76a726188d8bc3adc') in 0.016586 seconds
Number of updated asset objects reloaded before import = 0
Number of asset objects unloaded after import = 16
========================================================================
Received Import Request.
  Time since last request: 12.481638 seconds.
  path: Assets/Prefabs/Third-Person Camera.prefab
  artifactKey: Guid(04c285a84888ff94da7db01f85c02a84) Importer(815301076,1909f56bfc062723c751e8b465ee728b)
Start importing Assets/Prefabs/Third-Person Camera.prefab using Guid(04c285a84888ff94da7db01f85c02a84) Importer(815301076,1909f56bfc062723c751e8b465ee728b)  -> (artifact id: '412dc551d9c154848432f6f85a41f3cc') in 0.005875 seconds
Number of updated asset objects reloaded before import = 0
Number of asset objects unloaded after import = 30
========================================================================
Received Import Request.
  Time since last request: 98.141442 seconds.
  path: Assets/Scenes/SampleScene.unity
  artifactKey: Guid(9fc0d4010bbf28b4594072e72b8655ab) Importer(815301076,1909f56bfc062723c751e8b465ee728b)
Start importing Assets/Scenes/SampleScene.unity using Guid(9fc0d4010bbf28b4594072e72b8655ab) Importer(815301076,1909f56bfc062723c751e8b465ee728b)  -> (artifact id: 'fc71938e4c5612a28c0c46da268bb0f2') in 0.000676 seconds
Number of updated asset objects reloaded before import = 0
Number of asset objects unloaded after import = 0
========================================================================
Received Import Request.
  Time since last request: 17.717177 seconds.
  path: Assets/LowPolyFPSLite/Scenes/LowPolyFPS_Lite_Demo.unity
  artifactKey: Guid(130de191e9bf7de41a659f68e5741ed0) Importer(815301076,1909f56bfc062723c751e8b465ee728b)
Start importing Assets/LowPolyFPSLite/Scenes/LowPolyFPS_Lite_Demo.unity using Guid(130de191e9bf7de41a659f68e5741ed0) Importer(815301076,1909f56bfc062723c751e8b465ee728b)  -> (artifact id: '35777f39f9ec6550d36a87a05118461d') in 0.000587 seconds
Number of updated asset objects reloaded before import = 0
Number of asset objects unloaded after import = 0
========================================================================
Received Import Request.
  Time since last request: 50.804142 seconds.
  path: Assets/Prefabs/Main Camera.prefab
  artifactKey: Guid(80258e752e8256243b5e40601b3462ea) Importer(815301076,1909f56bfc062723c751e8b465ee728b)
Start importing Assets/Prefabs/Main Camera.prefab using Guid(80258e752e8256243b5e40601b3462ea) Importer(815301076,1909f56bfc062723c751e8b465ee728b)  -> (artifact id: 'efc8e615b1946bf00640d202d3695b8c') in 0.003231 seconds
Number of updated asset objects reloaded before import = 0
Number of asset objects unloaded after import = 7
========================================================================
Received Import Request.
  Time since last request: 73.251622 seconds.
  path: Assets/Scenes/SampleScene.unity
  artifactKey: Guid(9fc0d4010bbf28b4594072e72b8655ab) Importer(815301076,1909f56bfc062723c751e8b465ee728b)
Start importing Assets/Scenes/SampleScene.unity using Guid(9fc0d4010bbf28b4594072e72b8655ab) Importer(815301076,1909f56bfc062723c751e8b465ee728b)  -> (artifact id: '38ee32366c86189c5c71cab7c6f3f2d4') in 0.000480 seconds
Number of updated asset objects reloaded before import = 0
Number of asset objects unloaded after import = 0
========================================================================
Received Import Request.
  Time since last request: 18.387441 seconds.
  path: Assets/LowPolyFPSLite/Scenes/LowPolyFPS_Lite_Demo.unity
  artifactKey: Guid(130de191e9bf7de41a659f68e5741ed0) Importer(815301076,1909f56bfc062723c751e8b465ee728b)
Start importing Assets/LowPolyFPSLite/Scenes/LowPolyFPS_Lite_Demo.unity using Guid(130de191e9bf7de41a659f68e5741ed0) Importer(815301076,1909f56bfc062723c751e8b465ee728b)  -> (artifact id: '7b22fc0a34d66dec9c1ab06211398678') in 0.000414 seconds
Number of updated asset objects reloaded before import = 0
Number of asset objects unloaded after import = 0
